<?xml version="1.0" encoding="UTF-8"?>
<testng-results ignored="0" total="1" passed="1" failed="0" skipped="0">
  <reporter-output>
  </reporter-output>
  <suite started-at="2024-10-07T14:54:28 IST" name="Default suite" finished-at="2024-10-07T14:54:47 IST" duration-ms="19273">
    <groups>
    </groups>
    <test started-at="2024-10-07T14:54:28 IST" name="Default test" finished-at="2024-10-07T14:54:47 IST" duration-ms="19273">
      <class name="com.amazon.page.VerifyAmazonPage">
        <test-method is-config="true" signature="setup()[pri:0, instance:com.amazon.page.VerifyAmazonPage@61df66b6]" started-at="2024-10-07T14:54:28 IST" name="setup" finished-at="2024-10-07T14:54:29 IST" duration-ms="1212" status="PASS">
          <reporter-output>
          </reporter-output>
        </test-method> <!-- setup -->
        <test-method signature="testAmazonTitle()[pri:0, instance:com.amazon.page.VerifyAmazonPage@61df66b6]" started-at="2024-10-07T14:54:29 IST" name="testAmazonTitle" finished-at="2024-10-07T14:54:47 IST" duration-ms="17927" status="PASS">
          <reporter-output>
          </reporter-output>
        </test-method> <!-- testAmazonTitle -->
        <test-method is-config="true" signature="tearDown()[pri:0, instance:com.amazon.page.VerifyAmazonPage@61df66b6]" started-at="2024-10-07T14:54:47 IST" name="tearDown" finished-at="2024-10-07T14:54:47 IST" duration-ms="113" status="PASS">
          <reporter-output>
          </reporter-output>
        </test-method> <!-- tearDown -->
      </class> <!-- com.amazon.page.VerifyAmazonPage -->
    </test> <!-- Default test -->
  </suite> <!-- Default suite -->
</testng-results>
